<?xml version="1.0" encoding="UTF-8"?>
<!-- Generated by org.testng.reporters.JUnitReportReporter -->
<testsuite skipped="0" hostname="ashit-PC" name="com.cluster.test.smoke.TestLoginFacebook" tests="1" failures="0" timestamp="08 Apr 2018 15:11:57 GMT" time="15.265" errors="0">
  <testcase name="testLoginInvalid" time="15.265" classname="com.cluster.test.smoke.TestLoginFacebook"/>
</testsuite> <!-- com.cluster.test.smoke.TestLoginFacebook -->
